Using pre-set license

 COMMAND LINE ARGUMENTS:
/Applications/Unity/Hub/Editor/2020.3.15f2/Unity.app/Contents/MacOS/Unity
-adb2
-batchMode
-noUpm
-name
AssetImportWorker1
-projectPath
/Users/mac-07/Desktop/BreakOut/BreakOut/BreakOut
-logFile
Logs/AssetImportWorker1.log
-srvPort
49541
Successfully changed project path to: /Users/mac-07/Desktop/BreakOut/BreakOut/BreakOut
/Users/mac-07/Desktop/BreakOut/BreakOut/BreakOut
Using Asset Import Pipeline V2.
Refreshing native plugins compatible for Editor in 128.84 ms, found 2 plugins.
Preloading 0 native plugins for Editor in 0.00 ms.
Initialize engine version: 2020.3.15f2 (6cf78cb77498)
[Subsystems] Discovering subsystems at path /Applications/Unity/Hub/Editor/2020.3.15f2/Unity.app/Contents/Resources/UnitySubsystems
[Subsystems] Discovering subsystems at path /Users/mac-07/Desktop/BreakOut/BreakOut/BreakOut/Assets
GfxDevice: creating device client; threaded=0
Renderer: AMD Radeon HD 6750M OpenGL Engine
Vendor:   ATI Technologies Inc.
Version:  4.1 ATI-1.68.24
GLES:     0
 GL_ARB_blend_func_extended GL_ARB_draw_buffers_blend GL_ARB_draw_indirect GL_ARB_ES2_compatibility GL_ARB_explicit_attrib_location GL_ARB_gpu_shader5 GL_ARB_instanced_arrays GL_ARB_internalformat_query GL_ARB_occlusion_query2 GL_ARB_sample_shading GL_ARB_sampler_objects GL_ARB_separate_shader_objects GL_ARB_shader_bit_encoding GL_ARB_shader_subroutine GL_ARB_shading_language_include GL_ARB_tessellation_shader GL_ARB_texture_buffer_object_rgb32 GL_ARB_texture_cube_map_array GL_ARB_texture_gather GL_ARB_texture_query_lod GL_ARB_texture_rgb10_a2ui GL_ARB_texture_storage GL_ARB_texture_swizzle GL_ARB_timer_query GL_ARB_transform_feedback2 GL_ARB_transform_feedback3 GL_ARB_vertex_type_2_10_10_10_rev GL_ARB_viewport_array GL_EXT_debug_label GL_EXT_debug_marker GL_EXT_texture_compression_s3tc GL_EXT_texture_filter_anisotropic GL_EXT_texture_mirror_clamp GL_EXT_texture_sRGB_decode GL_APPLE_client_storage GL_APPLE_container_object_shareable GL_APPLE_flush_render GL_APPLE_object_purgeable GL_APPLE_rgb_422 GL_APPLE_ro
w_bytes GL_APPLE_texture_range GL_ATI_texture_mirror_once GL_NV_texture_barrier
OPENGL LOG: Creating OpenGL 4.1 graphics device ; Context level  <OpenGL 4.1> ; Context handle 872780288
Initialize mono
Mono path[0] = '/Applications/Unity/Hub/Editor/2020.3.15f2/Unity.app/Contents/Managed'
Mono path[1] = '/Applications/Unity/Hub/Editor/2020.3.15f2/Unity.app/Contents/MonoBleedingEdge/lib/mono/unityjit'
Mono config path = '/Applications/Unity/Hub/Editor/2020.3.15f2/Unity.app/Contents/MonoBleedingEdge/etc'
Using monoOptions --debugger-agent=transport=dt_socket,embedding=1,server=y,suspend=n,address=127.0.0.1:56519
Begin MonoManager ReloadAssembly
Registering precompiled unity dll's ...
Register platform support module: /Applications/Unity/Hub/Editor/2020.3.15f2/PlaybackEngines/WebGLSupport/UnityEditor.WebGL.Extensions.dll
Register platform support module: /Applications/Unity/Hub/Editor/2020.3.15f2/Unity.app/Contents/PlaybackEngines/MacStandaloneSupport/UnityEditor.OSXStandalone.Extensions.dll
Register platform support module: /Applications/Unity/Hub/Editor/2020.3.15f2/PlaybackEngines/WindowsStandaloneSupport/UnityEditor.WindowsStandalone.Extensions.dll
Registered in 0.048343 seconds.
Native extension for WindowsStandalone target not found
Native extension for OSXStandalone target not found
Native extension for WebGL target not found
Refreshing native plugins compatible for Editor in 53.35 ms, found 2 plugins.
Preloading 0 native plugins for Editor in 0.00 ms.
Mono: successfully reloaded assembly
- Completed reload, in  5.878 seconds
Domain Reload Profiling:
	ReloadAssembly (5878ms)
		BeginReloadAssembly (64ms)
			ExecutionOrderSort (0ms)
			DisableScriptedObjects (0ms)
			BackupInstance (0ms)
			ReleaseScriptingObjects (0ms)
			CreateAndSetChildDomain (2ms)
		EndReloadAssembly (799ms)
			LoadAssemblies (82ms)
			RebuildTransferFunctionScriptingTraits (0ms)
			SetupTypeCache (295ms)
			ReleaseScriptCaches (0ms)
			RebuildScriptCaches (66ms)
			SetupLoadedEditorAssemblies (336ms)
				LogAssemblyErrors (0ms)
				InitializePlatformSupportModulesInManaged (8ms)
				SetLoadedEditorAssemblies (1ms)
				RefreshPlugins (53ms)
				BeforeProcessingInitializeOnLoad (10ms)
				ProcessInitializeOnLoadAttributes (198ms)
				ProcessInitializeOnLoadMethodAttributes (65ms)
				AfterProcessingInitializeOnLoad (0ms)
				EditorAssembliesLoaded (0ms)
			ExecutionOrderSort2 (0ms)
			AwakeInstancesAfterBackupRestoration (0ms)
Platform modules already initialized, skipping
Registering precompiled user dll's ...
Registered in 0.046394 seconds.
Begin MonoManager ReloadAssembly
Native extension for WindowsStandalone target not found
Native extension for OSXStandalone target not found
Native extension for WebGL target not found
Refreshing native plugins compatible for Editor in 0.40 ms, found 2 plugins.
Preloading 0 native plugins for Editor in 0.00 ms.
Mono: successfully reloaded assembly
- Completed reload, in  2.237 seconds
Domain Reload Profiling:
	ReloadAssembly (2250ms)
		BeginReloadAssembly (249ms)
			ExecutionOrderSort (0ms)
			DisableScriptedObjects (9ms)
			BackupInstance (0ms)
			ReleaseScriptingObjects (0ms)
			CreateAndSetChildDomain (48ms)
		EndReloadAssembly (1896ms)
			LoadAssemblies (321ms)
			RebuildTransferFunctionScriptingTraits (0ms)
			SetupTypeCache (600ms)
			ReleaseScriptCaches (0ms)
			RebuildScriptCaches (87ms)
			SetupLoadedEditorAssemblies (684ms)
				LogAssemblyErrors (0ms)
				InitializePlatformSupportModulesInManaged (11ms)
				SetLoadedEditorAssemblies (1ms)
				RefreshPlugins (0ms)
				BeforeProcessingInitializeOnLoad (82ms)
				ProcessInitializeOnLoadAttributes (582ms)
				ProcessInitializeOnLoadMethodAttributes (7ms)
				AfterProcessingInitializeOnLoad (2ms)
				EditorAssembliesLoaded (0ms)
			ExecutionOrderSort2 (0ms)
			AwakeInstancesAfterBackupRestoration (12ms)
Platform modules already initialized, skipping
========================================================================
Worker process is ready to serve import requests
Launching external process: /Applications/Unity/Hub/Editor/2020.3.15f2/Unity.app/Contents/Tools/UnityShaderCompiler
Launched and connected shader compiler UnityShaderCompiler after 0.30 seconds
Refreshing native plugins compatible for Editor in 0.42 ms, found 2 plugins.
Preloading 0 native plugins for Editor in 0.00 ms.
Unloading 1403 Unused Serialized files (Serialized files now loaded: 0)
System memory in use before: 137.7 MB.
System memory in use after: 137.8 MB.

Unloading 19 unused Assets to reduce memory usage. Loaded Objects now: 1836.
Total: 2.949301 ms (FindLiveObjects: 0.201107 ms CreateObjectMapping: 0.067112 ms MarkObjects: 2.537484 ms  DeleteObjects: 0.141758 ms)

AssetImportParameters requested are different than current active one (requested -> active):
  custom:video-decoder-ogg-theora: a1e56fd34408186e4bbccfd4996cb3dc -> 
  custom:container-muxer-webm: aa71ff27fc2769a1b78a27578f13a17b -> 
  custom:container-demuxer-webm: 4f35f7cbe854078d1ac9338744f61a02 -> 
  custom:container-demuxer-ogg: 62fdf1f143b41e24485cea50d1cbac27 -> 
  custom:video-encoder-webm-vp8: eb34c28f22e8b96e1ab97ce403110664 -> 
  custom:framework-osx-AVFoundation: b23960f63f64bdc6ff669e2cdcee2391 -> 
  custom:video-decoder-webm-vp8: 9c59270c3fd7afecdb556c50c9e8de78 -> 
  custom:audio-decoder-ogg-vorbis: bf7c407c2cedff20999df2af8eb42d56 -> 
  custom:audio-encoder-webm-vorbis: bf7c407c2cedff20999df2af8eb42d56 -> 
========================================================================
Received Import Request.
  path: Assets/Prefabs/Bloque_Piedra.prefab
  artifactKey: Guid(551c183afef3397408d436a9a1490019) Importer(815301076,1909f56bfc062723c751e8b465ee728b)
Start importing Assets/Prefabs/Bloque_Piedra.prefab using Guid(551c183afef3397408d436a9a1490019) Importer(815301076,1909f56bfc062723c751e8b465ee728b)  -> (artifact id: 'bca45155443bf60747a445474cfaf3f4') in 0.972806 seconds 
  Import took 0.996345 seconds .

========================================================================
Received Import Request.
  Time since last request: 0.010965 seconds.
  path: Assets/Materiales/Material_Ladrillo.mat
  artifactKey: Guid(22def0f87e5bd704b8a9b2c3028c80d0) Importer(815301076,1909f56bfc062723c751e8b465ee728b)
Start importing Assets/Materiales/Material_Ladrillo.mat using Guid(22def0f87e5bd704b8a9b2c3028c80d0) Importer(815301076,1909f56bfc062723c751e8b465ee728b)  -> (artifact id: 'c6a937a1e13591f4cfffc4f646c92d72') in 0.400979 seconds 
  Import took 0.404200 seconds .

========================================================================
Received Import Request.
  Time since last request: 0.000350 seconds.
  path: Assets/Prefabs/Jugador.prefab
  artifactKey: Guid(34f0cd83866ebd448946ebfd92181089) Importer(815301076,1909f56bfc062723c751e8b465ee728b)
Start importing Assets/Prefabs/Jugador.prefab using Guid(34f0cd83866ebd448946ebfd92181089) Importer(815301076,1909f56bfc062723c751e8b465ee728b)  -> (artifact id: '6438ef6465c22689e1b8795eb9e366e9') in 0.026970 seconds 
  Import took 0.030492 seconds .

========================================================================
Received Import Request.
  Time since last request: 0.000365 seconds.
  path: Assets/Materiales/Material_Piedra.mat
  artifactKey: Guid(811a1fbee997c644cb540c350f432c8a) Importer(815301076,1909f56bfc062723c751e8b465ee728b)
Start importing Assets/Materiales/Material_Piedra.mat using Guid(811a1fbee997c644cb540c350f432c8a) Importer(815301076,1909f56bfc062723c751e8b465ee728b)  -> (artifact id: 'dba2ac1a3a7df5c3d0146082625a27e8') in 0.009782 seconds 
  Import took 0.024098 seconds .

========================================================================
Received Import Request.
  Time since last request: 0.000364 seconds.
  path: Assets/Materiales/Material_Goma.mat
  artifactKey: Guid(8a12810e6a807f544ad299617650237e) Importer(815301076,1909f56bfc062723c751e8b465ee728b)
Start importing Assets/Materiales/Material_Goma.mat using Guid(8a12810e6a807f544ad299617650237e) Importer(815301076,1909f56bfc062723c751e8b465ee728b)  -> (artifact id: 'b9c76154dd6adba611b05c41a467eb53') in 0.063896 seconds 
  Import took 0.066931 seconds .

========================================================================
Received Import Request.
  Time since last request: 0.000381 seconds.
  path: Assets/Prefabs/Bloque_Ladrillo.prefab
  artifactKey: Guid(ee10ae7860705ae41a504974de586e71) Importer(815301076,1909f56bfc062723c751e8b465ee728b)
Start importing Assets/Prefabs/Bloque_Ladrillo.prefab using Guid(ee10ae7860705ae41a504974de586e71) Importer(815301076,1909f56bfc062723c751e8b465ee728b)  -> (artifact id: '4891dab3d2fa78cb82dab832aca543c7') in 0.010663 seconds 
  Import took 0.014511 seconds .

========================================================================
Received Import Request.
  Time since last request: 0.000343 seconds.
  path: Assets/Prefabs/Bloque.prefab
  artifactKey: Guid(12163073aa7afa94789f74a761d035dc) Importer(815301076,1909f56bfc062723c751e8b465ee728b)
Start importing Assets/Prefabs/Bloque.prefab using Guid(12163073aa7afa94789f74a761d035dc) Importer(815301076,1909f56bfc062723c751e8b465ee728b)  -> (artifact id: '4175535e0f3c2c900f5cb6d1d85d9cdf') in 0.024398 seconds 
  Import took 0.037777 seconds .

========================================================================
Received Import Request.
  Time since last request: 0.000337 seconds.
  path: Assets/Scenes/Nivel 1.unity
  artifactKey: Guid(c0824aa22525a464ebe0b2b00b640420) Importer(815301076,1909f56bfc062723c751e8b465ee728b)
Start importing Assets/Scenes/Nivel 1.unity using Guid(c0824aa22525a464ebe0b2b00b640420) Importer(815301076,1909f56bfc062723c751e8b465ee728b)  -> (artifact id: 'de18e77eb71b87cbfced57bf3ba9ad53') in 0.001606 seconds 
  Import took 0.005130 seconds .

========================================================================
Received Import Request.
  Time since last request: 0.000311 seconds.
  path: Assets/Prefabs/Bloque_Madera.prefab
  artifactKey: Guid(87b060b0e52352b4992bed6d04d5772c) Importer(815301076,1909f56bfc062723c751e8b465ee728b)
Start importing Assets/Prefabs/Bloque_Madera.prefab using Guid(87b060b0e52352b4992bed6d04d5772c) Importer(815301076,1909f56bfc062723c751e8b465ee728b)  -> (artifact id: '04b5681eab598eb7134c227df6eda9c1') in 0.490161 seconds 
  Import took 0.501278 seconds .

========================================================================
Received Import Request.
  Time since last request: 0.000861 seconds.
  path: Assets/Prefabs/Bloque_Goma.prefab
  artifactKey: Guid(ba223f2549aec0c488f3313e604d7bba) Importer(815301076,1909f56bfc062723c751e8b465ee728b)
Start importing Assets/Prefabs/Bloque_Goma.prefab using Guid(ba223f2549aec0c488f3313e604d7bba) Importer(815301076,1909f56bfc062723c751e8b465ee728b)  -> (artifact id: '412f8543fca4ad2c2738a25c1c815452') in 0.012064 seconds 
  Import took 0.017493 seconds .

========================================================================
Received Import Request.
  Time since last request: 0.000942 seconds.
  path: Assets/Prefabs/Bola.prefab
  artifactKey: Guid(8e3f83aee7508d546987e767a72e92c7) Importer(815301076,1909f56bfc062723c751e8b465ee728b)
Start importing Assets/Prefabs/Bola.prefab using Guid(8e3f83aee7508d546987e767a72e92c7) Importer(815301076,1909f56bfc062723c751e8b465ee728b)  -> (artifact id: '7ef5268e4da8d48af161ca53d53b7269') in 0.044090 seconds 
  Import took 0.047613 seconds .

========================================================================
Received Import Request.
  Time since last request: 0.000331 seconds.
  path: Assets/Materiales/Material_Madera.mat
  artifactKey: Guid(5eed1891b9e6b624ea25d445b1ddccaf) Importer(815301076,1909f56bfc062723c751e8b465ee728b)
Start importing Assets/Materiales/Material_Madera.mat using Guid(5eed1891b9e6b624ea25d445b1ddccaf) Importer(815301076,1909f56bfc062723c751e8b465ee728b)  -> (artifact id: 'c2aec98db1814672044993a0473823c0') in 0.009669 seconds 
  Import took 0.021311 seconds .

